
 Tue Jun 04 2019 08:08:54 GMT+0000 (Coordinated Universal Time)
	 ADD DATA ACCESS
	 AQAm10B09py-Ano6nNrkro18sNvYPP4TXF3vhjc8kcoxO7O8DBCJt1koO1gYwuSFINUflUJ9OarKNSrU0P4n4uuU2G-MbP1QErJc9wfL6kxGAuykLH00hBdWba1qQVIVgAPU5p7Y1OsotKhvLvyFp0pweJNqBqo3kuB-eoxU9Y-xxWf8yj67aDhb0JTMLdnAM-29qHXuCkY8UDelLmhL1jr30Sq3oGvZRIVFlu539fLFXN9Da_4CVV-sZ2Z-AfHtfX1f9G3lvN44blIxPICZnya6pztFp3B1JG8ACQzpi_Cpt41V3WkOha2qTA52yAJqqwEX4TFB38Fu_LgP-AebvwYK
	 {"access_token":"EAACvggM5BpUBAN80RH6uzih4MpCbMa5cOhxmZBYbQkaqEj8q1pRyI3mZAZARNfQaoZAeuAEllLkWJhqgsu3bge6xvv6kF72v3iars3dkSWVKitXzZCuJOqVtmqXt4fqcbgvqMGeBdYBznw14VkSVf0OA7i2viQZAPS7RVpkhY6uAZDZD","token_type":"bearer"}
 Tue Jun 04 2019 08:39:41 GMT+0000 (Coordinated Universal Time)
	 CODE
	 AQAqwIKyNwoVtr0aniof4bpNvC0PS1dyyriNoR5FbDPf4UB_ptC6j5uepoTwm9maAD0IbSORpr0EgVUi_APYZ_XclJf3G-DDNh_5D3fGLOrM2PI88VK-1EROVKiLKbl5ye7YW-EvEZNzNp24nR-gXzH2iF4hc794_IlZLYzCfT97splNKjrGgrCGBvFM1jFkeaIlJbw2MFej5stpA252eQ9nqMQ7sSCZeCp9KMnLdahwdT_rlzngb8Breou5Te0HRtO6W_tWg5-TB_dNwRrA_EOfYGtwVU62lDMNTICaJPxfLGKn5y-u6Hv16QoxS0Uv1H5OitJDJ3yIL0Nez-nLzXL2
 Tue Jun 04 2019 08:39:41 GMT+0000 (Coordinated Universal Time)
	 URL ACCESS TOKEN
	 https://graph.facebook.com/v3.0/oauth/access_token
 Tue Jun 04 2019 08:39:42 GMT+0000 (Coordinated Universal Time)
	 ADD DATA ACCESS
	 AQAqwIKyNwoVtr0aniof4bpNvC0PS1dyyriNoR5FbDPf4UB_ptC6j5uepoTwm9maAD0IbSORpr0EgVUi_APYZ_XclJf3G-DDNh_5D3fGLOrM2PI88VK-1EROVKiLKbl5ye7YW-EvEZNzNp24nR-gXzH2iF4hc794_IlZLYzCfT97splNKjrGgrCGBvFM1jFkeaIlJbw2MFej5stpA252eQ9nqMQ7sSCZeCp9KMnLdahwdT_rlzngb8Breou5Te0HRtO6W_tWg5-TB_dNwRrA_EOfYGtwVU62lDMNTICaJPxfLGKn5y-u6Hv16QoxS0Uv1H5OitJDJ3yIL0Nez-nLzXL2
3TgBMJwCYpCeMFZCJKOe12lq54273EDZAVEjMXOseswDCXjWetAM0C0oHdw304AX4f5GhvWlJVpIjhQlQbTftlrV6h1ZCAZB8QAZDZD","token_type":"bearer"}	 {"access_token":"EAACvggM5BpUBAPo0BgYD1KQBSl3QNen64ZBzRX10H2Dipmijk9xzOXlrkR1aJkXW6GRMhXEj
 Tue Jun 04 2019 08:41:31 GMT+0000 (Coordinated Universal Time)
	 API AUTH
	 AQBfk6ecp5J64P4vzemcpyoA7cApJCONvVHIXIu2YFg6_vmCTw88b4PYGwuTfXuPtwYmeW1EUmVjGvrWglpGjLi9TzJPwXA8Ymr7NmOPdzBx4A0Y6E-tC-LtTHVG5eOqx-ykQMwahFAuLpHXXdi2DulQlwE7LtC7u1SVeqVlpzbir5bQ4J0PNnRVsYYS4qdhsXzWmqqvTphSXrdy2HtUx-WwkLKY3ZEMvn92lPmQcPcZ9vBWwajZtNsB9OEoHLX-DtFRUC53VFbvWuOW8nUuU3HQefN-Z5ZHfkCZYni2bUuDxZTkQKvtxD_Y2Wo2mvdjSqqDp00qpDzsXYxvNxc18Sc1
 Tue Jun 04 2019 08:41:31 GMT+0000 (Coordinated Universal Time)
	 CODE
	 AQBfk6ecp5J64P4vzemcpyoA7cApJCONvVHIXIu2YFg6_vmCTw88b4PYGwuTfXuPtwYmeW1EUmVjGvrWglpGjLi9TzJPwXA8Ymr7NmOPdzBx4A0Y6E-tC-LtTHVG5eOqx-ykQMwahFAuLpHXXdi2DulQlwE7LtC7u1SVeqVlpzbir5bQ4J0PNnRVsYYS4qdhsXzWmqqvTphSXrdy2HtUx-WwkLKY3ZEMvn92lPmQcPcZ9vBWwajZtNsB9OEoHLX-DtFRUC53VFbvWuOW8nUuU3HQefN-Z5ZHfkCZYni2bUuDxZTkQKvtxD_Y2Wo2mvdjSqqDp00qpDzsXYxvNxc18Sc1
 Tue Jun 04 2019 08:41:31 GMT+0000 (Coordinated Universal Time)
	 URL ACCESS TOKEN
	 https://graph.facebook.com/v3.0/oauth/access_token
 Tue Jun 04 2019 08:41:31 GMT+0000 (Coordinated Universal Time)
	 ADD DATA ACCESS
	 AQBfk6ecp5J64P4vzemcpyoA7cApJCONvVHIXIu2YFg6_vmCTw88b4PYGwuTfXuPtwYmeW1EUmVjGvrWglpGjLi9TzJPwXA8Ymr7NmOPdzBx4A0Y6E-tC-LtTHVG5eOqx-ykQMwahFAuLpHXXdi2DulQlwE7LtC7u1SVeqVlpzbir5bQ4J0PNnRVsYYS4qdhsXzWmqqvTphSXrdy2HtUx-WwkLKY3ZEMvn92lPmQcPcZ9vBWwajZtNsB9OEoHLX-DtFRUC53VFbvWuOW8nUuU3HQefN-Z5ZHfkCZYni2bUuDxZTkQKvtxD_Y2Wo2mvdjSqqDp00qpDzsXYxvNxc18Sc1
	 {"access_token":"EAACvggM5BpUBANmlTypC5IzAmyuOLBZCOi9aIzXk0ySkJW1kYSbZANHY6lhT3CxhQgemqaQAoL7CYuo04Jd2DujqZClA28QDvNawIgWXOxHTOJELcpTltT1krSjTFKOkNM56WO50uVzLSXAdZCmrBNPRBWNVsGyA4JxKd8UVxwZDZD","token_type":"bearer"}
 Tue Jun 04 2019 08:59:24 GMT+0000 (Coordinated Universal Time)
	 API AUTH
	 AQAVee-4YzfT6bLRKnbJEPKQnL_X4jxfkf4MtgiFHUB4INzqwPEeFEmwc_NmbGZXj5wnNqszLr79rLd0jgSjPWhs83kXxcb00qN6-qkX_VJ7FaZ-7iC7ntJYQOUq_DFsSy-weV6_BI0nSzozvWcW9eAhuNN47keQ0I7idVamIVVB7NHQabpgwXiwulHdlEaW5wV4RjGL8HuJ4k_4hCyXUj7pQIvHhIzYukxTEb_mE7CORFbrJ3hvk37u4opM7MA_X7y4ACTUkVszSKkzyvqodUa0RDoYKtLcXI17Z05P8u4l2ISsceIE1RNptpGiTO66oFJORI_9XNU3-Vy_2a7V47ts
 Tue Jun 04 2019 08:59:24 GMT+0000 (Coordinated Universal Time)
	 CODE
	 AQAVee-4YzfT6bLRKnbJEPKQnL_X4jxfkf4MtgiFHUB4INzqwPEeFEmwc_NmbGZXj5wnNqszLr79rLd0jgSjPWhs83kXxcb00qN6-qkX_VJ7FaZ-7iC7ntJYQOUq_DFsSy-weV6_BI0nSzozvWcW9eAhuNN47keQ0I7idVamIVVB7NHQabpgwXiwulHdlEaW5wV4RjGL8HuJ4k_4hCyXUj7pQIvHhIzYukxTEb_mE7CORFbrJ3hvk37u4opM7MA_X7y4ACTUkVszSKkzyvqodUa0RDoYKtLcXI17Z05P8u4l2ISsceIE1RNptpGiTO66oFJORI_9XNU3-Vy_2a7V47ts
 Tue Jun 04 2019 08:59:24 GMT+0000 (Coordinated Universal Time)
	 URL ACCESS TOKEN
	 https://graph.facebook.com/v3.0/oauth/access_token
 Tue Jun 04 2019 08:59:24 GMT+0000 (Coordinated Universal Time)
	 ADD DATA ACCESS
	 AQAVee-4YzfT6bLRKnbJEPKQnL_X4jxfkf4MtgiFHUB4INzqwPEeFEmwc_NmbGZXj5wnNqszLr79rLd0jgSjPWhs83kXxcb00qN6-qkX_VJ7FaZ-7iC7ntJYQOUq_DFsSy-weV6_BI0nSzozvWcW9eAhuNN47keQ0I7idVamIVVB7NHQabpgwXiwulHdlEaW5wV4RjGL8HuJ4k_4hCyXUj7pQIvHhIzYukxTEb_mE7CORFbrJ3hvk37u4opM7MA_X7y4ACTUkVszSKkzyvqodUa0RDoYKtLcXI17Z05P8u4l2ISsceIE1RNptpGiTO66oFJORI_9XNU3-Vy_2a7V47ts
	 {"access_token":"EAACvggM5BpUBALM5Vx9OfoVOgFkisYy75ZAvYLe3HLauQcXzHlZB5AqbQxLYRZBUMqAAAEkXkZC5GgVKkZBwsWWKrylN4Q7kVey3Uq13shntnCZAddWEUZCt6HpcSBwABAoOaHMWr8GP4Jo9yZBxG8XxbfFEuT7b5nJKg8snml6AdwZDZD","token_type":"bearer"}
 Tue Jun 04 2019 08:59:45 GMT+0000 (Coordinated Universal Time)
	 API AUTH
	 AQAVee-4YzfT6bLRKnbJEPKQnL_X4jxfkf4MtgiFHUB4INzqwPEeFEmwc_NmbGZXj5wnNqszLr79rLd0jgSjPWhs83kXxcb00qN6-qkX_VJ7FaZ-7iC7ntJYQOUq_DFsSy-weV6_BI0nSzozvWcW9eAhuNN47keQ0I7idVamIVVB7NHQabpgwXiwulHdlEaW5wV4RjGL8HuJ4k_4hCyXUj7pQIvHhIzYukxTEb_mE7CORFbrJ3hvk37u4opM7MA_X7y4ACTUkVszSKkzyvqodUa0RDoYKtLcXI17Z05P8u4l2ISsceIE1RNptpGiTO66oFJORI_9XNU3-Vy_2a7V47ts
 Tue Jun 04 2019 08:59:45 GMT+0000 (Coordinated Universal Time)
	 CODE
	 AQAVee-4YzfT6bLRKnbJEPKQnL_X4jxfkf4MtgiFHUB4INzqwPEeFEmwc_NmbGZXj5wnNqszLr79rLd0jgSjPWhs83kXxcb00qN6-qkX_VJ7FaZ-7iC7ntJYQOUq_DFsSy-weV6_BI0nSzozvWcW9eAhuNN47keQ0I7idVamIVVB7NHQabpgwXiwulHdlEaW5wV4RjGL8HuJ4k_4hCyXUj7pQIvHhIzYukxTEb_mE7CORFbrJ3hvk37u4opM7MA_X7y4ACTUkVszSKkzyvqodUa0RDoYKtLcXI17Z05P8u4l2ISsceIE1RNptpGiTO66oFJORI_9XNU3-Vy_2a7V47ts
 Tue Jun 04 2019 08:59:45 GMT+0000 (Coordinated Universal Time)
	 URL ACCESS TOKEN
	 https://graph.facebook.com/v3.0/oauth/access_token
 Tue Jun 04 2019 08:59:45 GMT+0000 (Coordinated Universal Time)
	 ADD DATA ACCESS
	 AQAVee-4YzfT6bLRKnbJEPKQnL_X4jxfkf4MtgiFHUB4INzqwPEeFEmwc_NmbGZXj5wnNqszLr79rLd0jgSjPWhs83kXxcb00qN6-qkX_VJ7FaZ-7iC7ntJYQOUq_DFsSy-weV6_BI0nSzozvWcW9eAhuNN47keQ0I7idVamIVVB7NHQabpgwXiwulHdlEaW5wV4RjGL8HuJ4k_4hCyXUj7pQIvHhIzYukxTEb_mE7CORFbrJ3hvk37u4opM7MA_X7y4ACTUkVszSKkzyvqodUa0RDoYKtLcXI17Z05P8u4l2ISsceIE1RNptpGiTO66oFJORI_9XNU3-Vy_2a7V47ts
	 {"error":{"message":"This authorization code has been used.","type":"OAuthException","code":100,"fbtrace_id":"GCnZz4k\/4zM"}}
 Tue Jun 04 2019 08:59:54 GMT+0000 (Coordinated Universal Time)
	 API AUTH
	 AQBUKVOcwNx9m6YyUpPBpapKCVL0oGRADLEk6xZRyqUD2bLQz6uexc6SuAYjDXl_QozT-Q11Jansa9Osd-aPU-W2YKz__QGACsiDEoUzgKUIwn582AIixaJvbb6cEuiT6NrlpwLMV3WoNZUOeVOIEbgUklMYZy5Ru_mLEuHtR8Fgi1sGuvRyLLW1rCEq5kfoRFADEnQQy30hTDWufrhqcLTdAP3DFplBrK7JN1pWnCQ5RtsURT4550kl7ursWVg5rt3cBGI_C6-X7uyu2byFiwqgJalUbq7g1nyndXrtcWH8qXNcDusCCLaDQE20x9fWDyps8E7_F1RDZCwO-YrWnGOw
 Tue Jun 04 2019 08:59:54 GMT+0000 (Coordinated Universal Time)
	 CODE
	 AQBUKVOcwNx9m6YyUpPBpapKCVL0oGRADLEk6xZRyqUD2bLQz6uexc6SuAYjDXl_QozT-Q11Jansa9Osd-aPU-W2YKz__QGACsiDEoUzgKUIwn582AIixaJvbb6cEuiT6NrlpwLMV3WoNZUOeVOIEbgUklMYZy5Ru_mLEuHtR8Fgi1sGuvRyLLW1rCEq5kfoRFADEnQQy30hTDWufrhqcLTdAP3DFplBrK7JN1pWnCQ5RtsURT4550kl7ursWVg5rt3cBGI_C6-X7uyu2byFiwqgJalUbq7g1nyndXrtcWH8qXNcDusCCLaDQE20x9fWDyps8E7_F1RDZCwO-YrWnGOw
 Tue Jun 04 2019 08:59:54 GMT+0000 (Coordinated Universal Time)
	 URL ACCESS TOKEN
	 https://graph.facebook.com/v3.0/oauth/access_token
 Tue Jun 04 2019 08:59:55 GMT+0000 (Coordinated Universal Time)
	 ADD DATA ACCESS
	 AQBUKVOcwNx9m6YyUpPBpapKCVL0oGRADLEk6xZRyqUD2bLQz6uexc6SuAYjDXl_QozT-Q11Jansa9Osd-aPU-W2YKz__QGACsiDEoUzgKUIwn582AIixaJvbb6cEuiT6NrlpwLMV3WoNZUOeVOIEbgUklMYZy5Ru_mLEuHtR8Fgi1sGuvRyLLW1rCEq5kfoRFADEnQQy30hTDWufrhqcLTdAP3DFplBrK7JN1pWnCQ5RtsURT4550kl7ursWVg5rt3cBGI_C6-X7uyu2byFiwqgJalUbq7g1nyndXrtcWH8qXNcDusCCLaDQE20x9fWDyps8E7_F1RDZCwO-YrWnGOw
	 {"access_token":"EAACvggM5BpUBAPn5eKVMwRZBjW9SpnaZAqU9jrIp6jl9enIUMkWFPIMtCZCYYZC2KgspxYPYeZAnJY1o1GgJ4eurHOZC9dUIM9NyOSQMN5i7dyZB11seTmZBgERgmOgZBZCp9qGxEWGFyOkCC2q0kbZCl9XaLErdFS5Y07Fkf1wkzDOTQZDZD","token_type":"bearer"}
 Tue Jun 04 2019 09:01:16 GMT+0000 (Coordinated Universal Time)
	 API AUTH
	 AQCijfg--HppGh6O5emmEHBy03SypXsdfJv_FvNhNKD5ocxd-v-XjnZh8ad3va3oWTBqBIHC9-D2A2uReNOWf7dJiRkkAhpWJvdmOG7w-eTX1gAiy4ofmd7BS2Qd_GDt-1AhQ8j_QbkeMqYwP37dgfL-JS8e9Le3zVKya59CrpEnksw8hYoGqB-53wrrVHOWdnR54DLpUf8k5ak4wkpoe6KsQ9ejNvXSatCzpfeWorBzOAMn77dtY2KFWpBLAWqdfZSdjKNST3zVGxWGDARJk2Tqs0ySc3qUMSs4sjPCddJ1EqdbtIlZZzZ3mkEKbiwTJT-kbQAbXVTFVf_C71kerq0v
 Tue Jun 04 2019 09:01:16 GMT+0000 (Coordinated Universal Time)
	 CODE
	 AQCijfg--HppGh6O5emmEHBy03SypXsdfJv_FvNhNKD5ocxd-v-XjnZh8ad3va3oWTBqBIHC9-D2A2uReNOWf7dJiRkkAhpWJvdmOG7w-eTX1gAiy4ofmd7BS2Qd_GDt-1AhQ8j_QbkeMqYwP37dgfL-JS8e9Le3zVKya59CrpEnksw8hYoGqB-53wrrVHOWdnR54DLpUf8k5ak4wkpoe6KsQ9ejNvXSatCzpfeWorBzOAMn77dtY2KFWpBLAWqdfZSdjKNST3zVGxWGDARJk2Tqs0ySc3qUMSs4sjPCddJ1EqdbtIlZZzZ3mkEKbiwTJT-kbQAbXVTFVf_C71kerq0v
 Tue Jun 04 2019 09:01:16 GMT+0000 (Coordinated Universal Time)
	 URL ACCESS TOKEN
	 https://graph.facebook.com/v3.0/oauth/access_token
 Tue Jun 04 2019 09:01:16 GMT+0000 (Coordinated Universal Time)
	 ADD DATA ACCESS
	 AQCijfg--HppGh6O5emmEHBy03SypXsdfJv_FvNhNKD5ocxd-v-XjnZh8ad3va3oWTBqBIHC9-D2A2uReNOWf7dJiRkkAhpWJvdmOG7w-eTX1gAiy4ofmd7BS2Qd_GDt-1AhQ8j_QbkeMqYwP37dgfL-JS8e9Le3zVKya59CrpEnksw8hYoGqB-53wrrVHOWdnR54DLpUf8k5ak4wkpoe6KsQ9ejNvXSatCzpfeWorBzOAMn77dtY2KFWpBLAWqdfZSdjKNST3zVGxWGDARJk2Tqs0ySc3qUMSs4sjPCddJ1EqdbtIlZZzZ3mkEKbiwTJT-kbQAbXVTFVf_C71kerq0v
	 {"access_token":"EAACvggM5BpUBAMQ27Py7Fg0emM1au6L7rOCZAjdJiNzjw1zEko8Herio9anFaavm4IkHFEy0FLhF5N8UpIZAxFGO2ICHOufoyLA8SkIVGwVyGncyohb5vl5CbHwtD2qYa7ZAZCLI46HowhBz7ZCE3x2FOWmy9U0vNa5O63VePnH61jf3XesGy","token_type":"bearer"}
 Tue Jun 04 2019 09:11:26 GMT+0000 (Coordinated Universal Time)
	 API AUTH
	 AQBwCbw8agfkIjmJy_AX04cueiP5NUd-xvBUAatFxjHXXw28uRe0fOnZfJ3X6-g94tTyKuEormTK8IHi0kzEX_WptK9_5Fepo0k8SQt4MOzU9n7tw84mME2LOLpnIaTa4k873r8z1ONyn6VHUEx8WaB0hrYiwAKmMo60em57kliWWGc1jLTMIFpv22FM9vnoIbWlG6fhqLy5amHzzrjoC3xxlhOQRIzV9ErGUUpJzArh3soP10iG2r2K9FctnTcT2lRvaR5C1422v6QWbaA8w9w_jDo0bIMqdUu7pM3GFCrwxFaY4FUD8cSGn2VaCJSJP4SCA2WMYCeM1Yg1H-uUgn9N
 Tue Jun 04 2019 09:11:26 GMT+0000 (Coordinated Universal Time)
	 CODE
	 AQBwCbw8agfkIjmJy_AX04cueiP5NUd-xvBUAatFxjHXXw28uRe0fOnZfJ3X6-g94tTyKuEormTK8IHi0kzEX_WptK9_5Fepo0k8SQt4MOzU9n7tw84mME2LOLpnIaTa4k873r8z1ONyn6VHUEx8WaB0hrYiwAKmMo60em57kliWWGc1jLTMIFpv22FM9vnoIbWlG6fhqLy5amHzzrjoC3xxlhOQRIzV9ErGUUpJzArh3soP10iG2r2K9FctnTcT2lRvaR5C1422v6QWbaA8w9w_jDo0bIMqdUu7pM3GFCrwxFaY4FUD8cSGn2VaCJSJP4SCA2WMYCeM1Yg1H-uUgn9N
 Tue Jun 04 2019 09:11:26 GMT+0000 (Coordinated Universal Time)
	 URL ACCESS TOKEN
	 https://graph.facebook.com/v3.0/oauth/access_token
 Tue Jun 04 2019 09:11:27 GMT+0000 (Coordinated Universal Time)
	 ADD DATA ACCESS
	 AQBwCbw8agfkIjmJy_AX04cueiP5NUd-xvBUAatFxjHXXw28uRe0fOnZfJ3X6-g94tTyKuEormTK8IHi0kzEX_WptK9_5Fepo0k8SQt4MOzU9n7tw84mME2LOLpnIaTa4k873r8z1ONyn6VHUEx8WaB0hrYiwAKmMo60em57kliWWGc1jLTMIFpv22FM9vnoIbWlG6fhqLy5amHzzrjoC3xxlhOQRIzV9ErGUUpJzArh3soP10iG2r2K9FctnTcT2lRvaR5C1422v6QWbaA8w9w_jDo0bIMqdUu7pM3GFCrwxFaY4FUD8cSGn2VaCJSJP4SCA2WMYCeM1Yg1H-uUgn9N
	 {"access_token":"EAACvggM5BpUBAOZAwvgHZAcLOU1fkqb5CwJZBSnLhJjXfVpc5PTaIiT0rLJBKF86YCqyCxF6lFp8nU9LzPA1NuS8gCbNuPv0qlnIW3VT64X9GBNPlwsUNESjCoLCCZC3XBIDtgU6JehFSBCVAxR6ukf5FjC3DHDXB0cy5ch6ZAQZDZD","token_type":"bearer"}